<?xml version="1.0" encoding="UTF-8"?>
<testng-results ignored="0" total="5" passed="5" failed="0" skipped="0">
  <reporter-output>
  </reporter-output>
  <suite started-at="2024-07-18T10:09:03Z" name="Default suite" finished-at="2024-07-18T10:09:14Z" duration-ms="10745">
    <groups>
    </groups>
    <test started-at="2024-07-18T10:09:03Z" name="Default test" finished-at="2024-07-18T10:09:14Z" duration-ms="10745">
      <class name="org.pjo.Test123">
        <test-method signature="tc01(org.testng.ITestContext)[pri:0, instance:org.pjo.Test123@5a9f4771]" started-at="2024-07-18T10:09:03Z" name="tc01" description="Ordering Books" finished-at="2024-07-18T10:09:06Z" duration-ms="3216" status="PASS">
          <params>
            <param index="0">
              <value>
                <![CDATA[org.testng.TestRunner@512baff6]]>
              </value>
            </param>
          </params>
          <reporter-output>
          </reporter-output>
        </test-method> <!-- tc01 -->
        <test-method signature="tc02(org.testng.ITestContext)[pri:0, instance:org.pjo.Test123@5a9f4771]" started-at="2024-07-18T10:09:06Z" name="tc02" description="Getting order information" finished-at="2024-07-18T10:09:08Z" duration-ms="1501" status="PASS">
          <params>
            <param index="0">
              <value>
                <![CDATA[org.testng.TestRunner@512baff6]]>
              </value>
            </param>
          </params>
          <reporter-output>
          </reporter-output>
        </test-method> <!-- tc02 -->
        <test-method signature="tc03(org.testng.ITestContext)[pri:0, instance:org.pjo.Test123@5a9f4771]" started-at="2024-07-18T10:09:08Z" name="tc03" description="Update Customer info for previous order" finished-at="2024-07-18T10:09:10Z" duration-ms="2270" status="PASS">
          <params>
            <param index="0">
              <value>
                <![CDATA[org.testng.TestRunner@512baff6]]>
              </value>
            </param>
          </params>
          <reporter-output>
          </reporter-output>
        </test-method> <!-- tc03 -->
        <test-method signature="tc04(org.testng.ITestContext)[pri:0, instance:org.pjo.Test123@5a9f4771]" started-at="2024-07-18T10:09:10Z" name="tc04" description="Delete Order" finished-at="2024-07-18T10:09:12Z" duration-ms="2130" status="PASS">
          <params>
            <param index="0">
              <value>
                <![CDATA[org.testng.TestRunner@512baff6]]>
              </value>
            </param>
          </params>
          <reporter-output>
          </reporter-output>
        </test-method> <!-- tc04 -->
        <test-method signature="tc05(org.testng.ITestContext)[pri:0, instance:org.pjo.Test123@5a9f4771]" started-at="2024-07-18T10:09:12Z" name="tc05" description="Confirm order is deleted or not" finished-at="2024-07-18T10:09:14Z" duration-ms="1599" status="PASS">
          <params>
            <param index="0">
              <value>
                <![CDATA[org.testng.TestRunner@512baff6]]>
              </value>
            </param>
          </params>
          <reporter-output>
          </reporter-output>
        </test-method> <!-- tc05 -->
      </class> <!-- org.pjo.Test123 -->
    </test> <!-- Default test -->
  </suite> <!-- Default suite -->
</testng-results>
